由于冲突，解析器中的规则不起作用

    9 $@3: %empty

   11 $@4: %empty

   13 $@5: %empty

   15 $@6: %empty

   17 $@7: %empty


状态 3 冲突：2 项偏移/归约，13 项归约/归约
状态 6 冲突：2 项偏移/归约，13 项归约/归约
状态 9 冲突：2 项偏移/归约，13 项归约/归约
状态 10 冲突：2 项偏移/归约，13 项归约/归约
状态 11 冲突：2 项偏移/归约，13 项归约/归约
状态 12 冲突：2 项偏移/归约，13 项归约/归约
状态 14 冲突：2 项偏移/归约，13 项归约/归约
状态 21 冲突：2 项偏移/归约，13 项归约/归约
状态 24 冲突：2 项偏移/归约，13 项归约/归约
状态 25 冲突：2 项偏移/归约，13 项归约/归约
状态 26 冲突：2 项偏移/归约，13 项归约/归约
状态 27 冲突：2 项偏移/归约，13 项归约/归约
状态 29 冲突：2 项偏移/归约，13 项归约/归约


语法

    0 $accept: input $end

    1 input: %empty

    2 $@1: %empty

    3 input: input $@1 line

    4 line: EOL
    5     | exp EOL

    6 exp: NUMBER

    7 $@2: %empty

    8 exp: $@2 exp PLUS exp

    9 $@3: %empty

   10 exp: $@3 exp MINUS exp

   11 $@4: %empty

   12 exp: $@4 exp MULT exp

   13 $@5: %empty

   14 exp: $@5 exp DIV exp

   15 $@6: %empty

   16 exp: $@6 MINUS exp

   17 $@7: %empty

   18 exp: $@7 exp EXPON exp
   19    | LB exp RB


终结语词，附有它们出现处的规则

    $end (0) 0
    error (256)
    NUMBER <val> (258) 6
    PLUS <op> (259) 8
    MINUS <op> (260) 10 16
    MULT <op> (261) 12
    DIV <op> (262) 14
    EXPON <op> (263) 18
    EOL (264) 4 5
    LB (265) 19
    RB (266) 19
    UMINUS (267)


非终结语词，附有它们出现处的规则

    $accept (13)
        on left: 0
    input (14)
        on left: 1 3
        on right: 0 3
    $@1 (15)
        on left: 2
        on right: 3
    line (16)
        on left: 4 5
        on right: 3
    exp <val> (17)
        on left: 6 8 10 12 14 16 18 19
        on right: 5 8 10 12 14 16 18 19
    $@2 (18)
        on left: 7
        on right: 8
    $@3 (19)
        on left: 9
        on right: 10
    $@4 (20)
        on left: 11
        on right: 12
    $@5 (21)
        on left: 13
        on right: 14
    $@6 (22)
        on left: 15
        on right: 16
    $@7 (23)
        on left: 17
        on right: 18


状态 0

    0 $accept: . input $end

    $default  使用规则 1 以归约 (input)

    input  转到状态 1


状态 1

    0 $accept: input . $end
    3 input: input . $@1 line

    $end  偏移，并进入状态 2

    $default  使用规则 2 以归约 ($@1)

    $@1  转到状态 3


状态 2

    0 $accept: input $end .

    $default  接受


状态 3

    3 input: input $@1 . line

    NUMBER  偏移，并进入状态 4
    EOL     偏移，并进入状态 5
    LB      偏移，并进入状态 6

    NUMBER    [使用规则 7 以归约 ($@2)]
    NUMBER    [使用规则 9 以归约 ($@3)]
    NUMBER    [使用规则 11 以归约 ($@4)]
    NUMBER    [使用规则 13 以归约 ($@5)]
    NUMBER    [使用规则 17 以归约 ($@7)]
    MINUS     使用规则 7 以归约 ($@2)
    MINUS     [使用规则 9 以归约 ($@3)]
    MINUS     [使用规则 11 以归约 ($@4)]
    MINUS     [使用规则 13 以归约 ($@5)]
    MINUS     [使用规则 15 以归约 ($@6)]
    MINUS     [使用规则 17 以归约 ($@7)]
    LB        [使用规则 7 以归约 ($@2)]
    LB        [使用规则 9 以归约 ($@3)]
    LB        [使用规则 11 以归约 ($@4)]
    LB        [使用规则 13 以归约 ($@5)]
    LB        [使用规则 17 以归约 ($@7)]
    $default  使用规则 7 以归约 ($@2)

    line  转到状态 7
    exp   转到状态 8
    $@2   转到状态 9
    $@3   转到状态 10
    $@4   转到状态 11
    $@5   转到状态 12
    $@6   转到状态 13
    $@7   转到状态 14


状态 4

    6 exp: NUMBER .

    $default  使用规则 6 以归约 (exp)


状态 5

    4 line: EOL .

    $default  使用规则 4 以归约 (line)


状态 6

   19 exp: LB . exp RB

    NUMBER  偏移，并进入状态 4
    LB      偏移，并进入状态 6

    NUMBER    [使用规则 7 以归约 ($@2)]
    NUMBER    [使用规则 9 以归约 ($@3)]
    NUMBER    [使用规则 11 以归约 ($@4)]
    NUMBER    [使用规则 13 以归约 ($@5)]
    NUMBER    [使用规则 17 以归约 ($@7)]
    MINUS     使用规则 7 以归约 ($@2)
    MINUS     [使用规则 9 以归约 ($@3)]
    MINUS     [使用规则 11 以归约 ($@4)]
    MINUS     [使用规则 13 以归约 ($@5)]
    MINUS     [使用规则 15 以归约 ($@6)]
    MINUS     [使用规则 17 以归约 ($@7)]
    LB        [使用规则 7 以归约 ($@2)]
    LB        [使用规则 9 以归约 ($@3)]
    LB        [使用规则 11 以归约 ($@4)]
    LB        [使用规则 13 以归约 ($@5)]
    LB        [使用规则 17 以归约 ($@7)]
    $default  使用规则 7 以归约 ($@2)

    exp  转到状态 15
    $@2  转到状态 9
    $@3  转到状态 10
    $@4  转到状态 11
    $@5  转到状态 12
    $@6  转到状态 13
    $@7  转到状态 14


状态 7

    3 input: input $@1 line .

    $default  使用规则 3 以归约 (input)


状态 8

    5 line: exp . EOL

    EOL  偏移，并进入状态 16


状态 9

    8 exp: $@2 . exp PLUS exp

    NUMBER  偏移，并进入状态 4
    LB      偏移，并进入状态 6

    NUMBER    [使用规则 7 以归约 ($@2)]
    NUMBER    [使用规则 9 以归约 ($@3)]
    NUMBER    [使用规则 11 以归约 ($@4)]
    NUMBER    [使用规则 13 以归约 ($@5)]
    NUMBER    [使用规则 17 以归约 ($@7)]
    MINUS     使用规则 7 以归约 ($@2)
    MINUS     [使用规则 9 以归约 ($@3)]
    MINUS     [使用规则 11 以归约 ($@4)]
    MINUS     [使用规则 13 以归约 ($@5)]
    MINUS     [使用规则 15 以归约 ($@6)]
    MINUS     [使用规则 17 以归约 ($@7)]
    LB        [使用规则 7 以归约 ($@2)]
    LB        [使用规则 9 以归约 ($@3)]
    LB        [使用规则 11 以归约 ($@4)]
    LB        [使用规则 13 以归约 ($@5)]
    LB        [使用规则 17 以归约 ($@7)]
    $default  使用规则 7 以归约 ($@2)

    exp  转到状态 17
    $@2  转到状态 9
    $@3  转到状态 10
    $@4  转到状态 11
    $@5  转到状态 12
    $@6  转到状态 13
    $@7  转到状态 14


状态 10

   10 exp: $@3 . exp MINUS exp

    NUMBER  偏移，并进入状态 4
    LB      偏移，并进入状态 6

    NUMBER    [使用规则 7 以归约 ($@2)]
    NUMBER    [使用规则 9 以归约 ($@3)]
    NUMBER    [使用规则 11 以归约 ($@4)]
    NUMBER    [使用规则 13 以归约 ($@5)]
    NUMBER    [使用规则 17 以归约 ($@7)]
    MINUS     使用规则 7 以归约 ($@2)
    MINUS     [使用规则 9 以归约 ($@3)]
    MINUS     [使用规则 11 以归约 ($@4)]
    MINUS     [使用规则 13 以归约 ($@5)]
    MINUS     [使用规则 15 以归约 ($@6)]
    MINUS     [使用规则 17 以归约 ($@7)]
    LB        [使用规则 7 以归约 ($@2)]
    LB        [使用规则 9 以归约 ($@3)]
    LB        [使用规则 11 以归约 ($@4)]
    LB        [使用规则 13 以归约 ($@5)]
    LB        [使用规则 17 以归约 ($@7)]
    $default  使用规则 7 以归约 ($@2)

    exp  转到状态 18
    $@2  转到状态 9
    $@3  转到状态 10
    $@4  转到状态 11
    $@5  转到状态 12
    $@6  转到状态 13
    $@7  转到状态 14


状态 11

   12 exp: $@4 . exp MULT exp

    NUMBER  偏移，并进入状态 4
    LB      偏移，并进入状态 6

    NUMBER    [使用规则 7 以归约 ($@2)]
    NUMBER    [使用规则 9 以归约 ($@3)]
    NUMBER    [使用规则 11 以归约 ($@4)]
    NUMBER    [使用规则 13 以归约 ($@5)]
    NUMBER    [使用规则 17 以归约 ($@7)]
    MINUS     使用规则 7 以归约 ($@2)
    MINUS     [使用规则 9 以归约 ($@3)]
    MINUS     [使用规则 11 以归约 ($@4)]
    MINUS     [使用规则 13 以归约 ($@5)]
    MINUS     [使用规则 15 以归约 ($@6)]
    MINUS     [使用规则 17 以归约 ($@7)]
    LB        [使用规则 7 以归约 ($@2)]
    LB        [使用规则 9 以归约 ($@3)]
    LB        [使用规则 11 以归约 ($@4)]
    LB        [使用规则 13 以归约 ($@5)]
    LB        [使用规则 17 以归约 ($@7)]
    $default  使用规则 7 以归约 ($@2)

    exp  转到状态 19
    $@2  转到状态 9
    $@3  转到状态 10
    $@4  转到状态 11
    $@5  转到状态 12
    $@6  转到状态 13
    $@7  转到状态 14


状态 12

   14 exp: $@5 . exp DIV exp

    NUMBER  偏移，并进入状态 4
    LB      偏移，并进入状态 6

    NUMBER    [使用规则 7 以归约 ($@2)]
    NUMBER    [使用规则 9 以归约 ($@3)]
    NUMBER    [使用规则 11 以归约 ($@4)]
    NUMBER    [使用规则 13 以归约 ($@5)]
    NUMBER    [使用规则 17 以归约 ($@7)]
    MINUS     使用规则 7 以归约 ($@2)
    MINUS     [使用规则 9 以归约 ($@3)]
    MINUS     [使用规则 11 以归约 ($@4)]
    MINUS     [使用规则 13 以归约 ($@5)]
    MINUS     [使用规则 15 以归约 ($@6)]
    MINUS     [使用规则 17 以归约 ($@7)]
    LB        [使用规则 7 以归约 ($@2)]
    LB        [使用规则 9 以归约 ($@3)]
    LB        [使用规则 11 以归约 ($@4)]
    LB        [使用规则 13 以归约 ($@5)]
    LB        [使用规则 17 以归约 ($@7)]
    $default  使用规则 7 以归约 ($@2)

    exp  转到状态 20
    $@2  转到状态 9
    $@3  转到状态 10
    $@4  转到状态 11
    $@5  转到状态 12
    $@6  转到状态 13
    $@7  转到状态 14


状态 13

   16 exp: $@6 . MINUS exp

    MINUS  偏移，并进入状态 21


状态 14

   18 exp: $@7 . exp EXPON exp

    NUMBER  偏移，并进入状态 4
    LB      偏移，并进入状态 6

    NUMBER    [使用规则 7 以归约 ($@2)]
    NUMBER    [使用规则 9 以归约 ($@3)]
    NUMBER    [使用规则 11 以归约 ($@4)]
    NUMBER    [使用规则 13 以归约 ($@5)]
    NUMBER    [使用规则 17 以归约 ($@7)]
    MINUS     使用规则 7 以归约 ($@2)
    MINUS     [使用规则 9 以归约 ($@3)]
    MINUS     [使用规则 11 以归约 ($@4)]
    MINUS     [使用规则 13 以归约 ($@5)]
    MINUS     [使用规则 15 以归约 ($@6)]
    MINUS     [使用规则 17 以归约 ($@7)]
    LB        [使用规则 7 以归约 ($@2)]
    LB        [使用规则 9 以归约 ($@3)]
    LB        [使用规则 11 以归约 ($@4)]
    LB        [使用规则 13 以归约 ($@5)]
    LB        [使用规则 17 以归约 ($@7)]
    $default  使用规则 7 以归约 ($@2)

    exp  转到状态 22
    $@2  转到状态 9
    $@3  转到状态 10
    $@4  转到状态 11
    $@5  转到状态 12
    $@6  转到状态 13
    $@7  转到状态 14


状态 15

   19 exp: LB exp . RB

    RB  偏移，并进入状态 23


状态 16

    5 line: exp EOL .

    $default  使用规则 5 以归约 (line)


状态 17

    8 exp: $@2 exp . PLUS exp

    PLUS  偏移，并进入状态 24


状态 18

   10 exp: $@3 exp . MINUS exp

    MINUS  偏移，并进入状态 25


状态 19

   12 exp: $@4 exp . MULT exp

    MULT  偏移，并进入状态 26


状态 20

   14 exp: $@5 exp . DIV exp

    DIV  偏移，并进入状态 27


状态 21

   16 exp: $@6 MINUS . exp

    NUMBER  偏移，并进入状态 4
    LB      偏移，并进入状态 6

    NUMBER    [使用规则 7 以归约 ($@2)]
    NUMBER    [使用规则 9 以归约 ($@3)]
    NUMBER    [使用规则 11 以归约 ($@4)]
    NUMBER    [使用规则 13 以归约 ($@5)]
    NUMBER    [使用规则 17 以归约 ($@7)]
    MINUS     使用规则 7 以归约 ($@2)
    MINUS     [使用规则 9 以归约 ($@3)]
    MINUS     [使用规则 11 以归约 ($@4)]
    MINUS     [使用规则 13 以归约 ($@5)]
    MINUS     [使用规则 15 以归约 ($@6)]
    MINUS     [使用规则 17 以归约 ($@7)]
    LB        [使用规则 7 以归约 ($@2)]
    LB        [使用规则 9 以归约 ($@3)]
    LB        [使用规则 11 以归约 ($@4)]
    LB        [使用规则 13 以归约 ($@5)]
    LB        [使用规则 17 以归约 ($@7)]
    $default  使用规则 7 以归约 ($@2)

    exp  转到状态 28
    $@2  转到状态 9
    $@3  转到状态 10
    $@4  转到状态 11
    $@5  转到状态 12
    $@6  转到状态 13
    $@7  转到状态 14


状态 22

   18 exp: $@7 exp . EXPON exp

    EXPON  偏移，并进入状态 29


状态 23

   19 exp: LB exp RB .

    $default  使用规则 19 以归约 (exp)


状态 24

    8 exp: $@2 exp PLUS . exp

    NUMBER  偏移，并进入状态 4
    LB      偏移，并进入状态 6

    NUMBER    [使用规则 7 以归约 ($@2)]
    NUMBER    [使用规则 9 以归约 ($@3)]
    NUMBER    [使用规则 11 以归约 ($@4)]
    NUMBER    [使用规则 13 以归约 ($@5)]
    NUMBER    [使用规则 17 以归约 ($@7)]
    MINUS     使用规则 7 以归约 ($@2)
    MINUS     [使用规则 9 以归约 ($@3)]
    MINUS     [使用规则 11 以归约 ($@4)]
    MINUS     [使用规则 13 以归约 ($@5)]
    MINUS     [使用规则 15 以归约 ($@6)]
    MINUS     [使用规则 17 以归约 ($@7)]
    LB        [使用规则 7 以归约 ($@2)]
    LB        [使用规则 9 以归约 ($@3)]
    LB        [使用规则 11 以归约 ($@4)]
    LB        [使用规则 13 以归约 ($@5)]
    LB        [使用规则 17 以归约 ($@7)]
    $default  使用规则 7 以归约 ($@2)

    exp  转到状态 30
    $@2  转到状态 9
    $@3  转到状态 10
    $@4  转到状态 11
    $@5  转到状态 12
    $@6  转到状态 13
    $@7  转到状态 14


状态 25

   10 exp: $@3 exp MINUS . exp

    NUMBER  偏移，并进入状态 4
    LB      偏移，并进入状态 6

    NUMBER    [使用规则 7 以归约 ($@2)]
    NUMBER    [使用规则 9 以归约 ($@3)]
    NUMBER    [使用规则 11 以归约 ($@4)]
    NUMBER    [使用规则 13 以归约 ($@5)]
    NUMBER    [使用规则 17 以归约 ($@7)]
    MINUS     使用规则 7 以归约 ($@2)
    MINUS     [使用规则 9 以归约 ($@3)]
    MINUS     [使用规则 11 以归约 ($@4)]
    MINUS     [使用规则 13 以归约 ($@5)]
    MINUS     [使用规则 15 以归约 ($@6)]
    MINUS     [使用规则 17 以归约 ($@7)]
    LB        [使用规则 7 以归约 ($@2)]
    LB        [使用规则 9 以归约 ($@3)]
    LB        [使用规则 11 以归约 ($@4)]
    LB        [使用规则 13 以归约 ($@5)]
    LB        [使用规则 17 以归约 ($@7)]
    $default  使用规则 7 以归约 ($@2)

    exp  转到状态 31
    $@2  转到状态 9
    $@3  转到状态 10
    $@4  转到状态 11
    $@5  转到状态 12
    $@6  转到状态 13
    $@7  转到状态 14


状态 26

   12 exp: $@4 exp MULT . exp

    NUMBER  偏移，并进入状态 4
    LB      偏移，并进入状态 6

    NUMBER    [使用规则 7 以归约 ($@2)]
    NUMBER    [使用规则 9 以归约 ($@3)]
    NUMBER    [使用规则 11 以归约 ($@4)]
    NUMBER    [使用规则 13 以归约 ($@5)]
    NUMBER    [使用规则 17 以归约 ($@7)]
    MINUS     使用规则 7 以归约 ($@2)
    MINUS     [使用规则 9 以归约 ($@3)]
    MINUS     [使用规则 11 以归约 ($@4)]
    MINUS     [使用规则 13 以归约 ($@5)]
    MINUS     [使用规则 15 以归约 ($@6)]
    MINUS     [使用规则 17 以归约 ($@7)]
    LB        [使用规则 7 以归约 ($@2)]
    LB        [使用规则 9 以归约 ($@3)]
    LB        [使用规则 11 以归约 ($@4)]
    LB        [使用规则 13 以归约 ($@5)]
    LB        [使用规则 17 以归约 ($@7)]
    $default  使用规则 7 以归约 ($@2)

    exp  转到状态 32
    $@2  转到状态 9
    $@3  转到状态 10
    $@4  转到状态 11
    $@5  转到状态 12
    $@6  转到状态 13
    $@7  转到状态 14


状态 27

   14 exp: $@5 exp DIV . exp

    NUMBER  偏移，并进入状态 4
    LB      偏移，并进入状态 6

    NUMBER    [使用规则 7 以归约 ($@2)]
    NUMBER    [使用规则 9 以归约 ($@3)]
    NUMBER    [使用规则 11 以归约 ($@4)]
    NUMBER    [使用规则 13 以归约 ($@5)]
    NUMBER    [使用规则 17 以归约 ($@7)]
    MINUS     使用规则 7 以归约 ($@2)
    MINUS     [使用规则 9 以归约 ($@3)]
    MINUS     [使用规则 11 以归约 ($@4)]
    MINUS     [使用规则 13 以归约 ($@5)]
    MINUS     [使用规则 15 以归约 ($@6)]
    MINUS     [使用规则 17 以归约 ($@7)]
    LB        [使用规则 7 以归约 ($@2)]
    LB        [使用规则 9 以归约 ($@3)]
    LB        [使用规则 11 以归约 ($@4)]
    LB        [使用规则 13 以归约 ($@5)]
    LB        [使用规则 17 以归约 ($@7)]
    $default  使用规则 7 以归约 ($@2)

    exp  转到状态 33
    $@2  转到状态 9
    $@3  转到状态 10
    $@4  转到状态 11
    $@5  转到状态 12
    $@6  转到状态 13
    $@7  转到状态 14


状态 28

   16 exp: $@6 MINUS exp .

    $default  使用规则 16 以归约 (exp)


状态 29

   18 exp: $@7 exp EXPON . exp

    NUMBER  偏移，并进入状态 4
    LB      偏移，并进入状态 6

    NUMBER    [使用规则 7 以归约 ($@2)]
    NUMBER    [使用规则 9 以归约 ($@3)]
    NUMBER    [使用规则 11 以归约 ($@4)]
    NUMBER    [使用规则 13 以归约 ($@5)]
    NUMBER    [使用规则 17 以归约 ($@7)]
    MINUS     使用规则 7 以归约 ($@2)
    MINUS     [使用规则 9 以归约 ($@3)]
    MINUS     [使用规则 11 以归约 ($@4)]
    MINUS     [使用规则 13 以归约 ($@5)]
    MINUS     [使用规则 15 以归约 ($@6)]
    MINUS     [使用规则 17 以归约 ($@7)]
    LB        [使用规则 7 以归约 ($@2)]
    LB        [使用规则 9 以归约 ($@3)]
    LB        [使用规则 11 以归约 ($@4)]
    LB        [使用规则 13 以归约 ($@5)]
    LB        [使用规则 17 以归约 ($@7)]
    $default  使用规则 7 以归约 ($@2)

    exp  转到状态 34
    $@2  转到状态 9
    $@3  转到状态 10
    $@4  转到状态 11
    $@5  转到状态 12
    $@6  转到状态 13
    $@7  转到状态 14


状态 30

    8 exp: $@2 exp PLUS exp .

    $default  使用规则 8 以归约 (exp)


状态 31

   10 exp: $@3 exp MINUS exp .

    $default  使用规则 10 以归约 (exp)


状态 32

   12 exp: $@4 exp MULT exp .

    $default  使用规则 12 以归约 (exp)


状态 33

   14 exp: $@5 exp DIV exp .

    $default  使用规则 14 以归约 (exp)


状态 34

   18 exp: $@7 exp EXPON exp .

    $default  使用规则 18 以归约 (exp)
