语法

    0 $accept: input $end

    1 input: %empty

    2 $@1: %empty

    3 input: input $@1 line

    4 line: EOL
    5     | exp EOL

    6 exp: NUMBER

    7 $@2: %empty

    8 exp: exp PLUS $@2 exp

    9 $@3: %empty

   10 exp: exp MINUS $@3 exp

   11 $@4: %empty

   12 exp: exp MULT $@4 exp

   13 $@5: %empty

   14 exp: exp DIV $@5 exp

   15 $@6: %empty

   16 exp: MINUS $@6 exp

   17 $@7: %empty

   18 exp: exp EXPON $@7 exp
   19    | LB exp RB


终结语词，附有它们出现处的规则

    $end (0) 0
    error (256)
    NUMBER <val> (258) 6
    PLUS <op> (259) 8
    MINUS <op> (260) 10 16
    MULT <op> (261) 12
    DIV <op> (262) 14
    EXPON <op> (263) 18
    EOL (264) 4 5
    LB (265) 19
    RB (266) 19
    UMINUS (267)


非终结语词，附有它们出现处的规则

    $accept (13)
        on left: 0
    input (14)
        on left: 1 3
        on right: 0 3
    $@1 (15)
        on left: 2
        on right: 3
    line (16)
        on left: 4 5
        on right: 3
    exp <val> (17)
        on left: 6 8 10 12 14 16 18 19
        on right: 5 8 10 12 14 16 18 19
    $@2 (18)
        on left: 7
        on right: 8
    $@3 (19)
        on left: 9
        on right: 10
    $@4 (20)
        on left: 11
        on right: 12
    $@5 (21)
        on left: 13
        on right: 14
    $@6 (22)
        on left: 15
        on right: 16
    $@7 (23)
        on left: 17
        on right: 18


状态 0

    0 $accept: . input $end

    $default  使用规则 1 以归约 (input)

    input  转到状态 1


状态 1

    0 $accept: input . $end
    3 input: input . $@1 line

    $end  偏移，并进入状态 2

    $default  使用规则 2 以归约 ($@1)

    $@1  转到状态 3


状态 2

    0 $accept: input $end .

    $default  接受


状态 3

    3 input: input $@1 . line

    NUMBER  偏移，并进入状态 4
    MINUS   偏移，并进入状态 5
    EOL     偏移，并进入状态 6
    LB      偏移，并进入状态 7

    line  转到状态 8
    exp   转到状态 9


状态 4

    6 exp: NUMBER .

    $default  使用规则 6 以归约 (exp)


状态 5

   16 exp: MINUS . $@6 exp

    $default  使用规则 15 以归约 ($@6)

    $@6  转到状态 10


状态 6

    4 line: EOL .

    $default  使用规则 4 以归约 (line)


状态 7

   19 exp: LB . exp RB

    NUMBER  偏移，并进入状态 4
    MINUS   偏移，并进入状态 5
    LB      偏移，并进入状态 7

    exp  转到状态 11


状态 8

    3 input: input $@1 line .

    $default  使用规则 3 以归约 (input)


状态 9

    5 line: exp . EOL
    8 exp: exp . PLUS $@2 exp
   10    | exp . MINUS $@3 exp
   12    | exp . MULT $@4 exp
   14    | exp . DIV $@5 exp
   18    | exp . EXPON $@7 exp

    PLUS   偏移，并进入状态 12
    MINUS  偏移，并进入状态 13
    MULT   偏移，并进入状态 14
    DIV    偏移，并进入状态 15
    EXPON  偏移，并进入状态 16
    EOL    偏移，并进入状态 17


状态 10

   16 exp: MINUS $@6 . exp

    NUMBER  偏移，并进入状态 4
    MINUS   偏移，并进入状态 5
    LB      偏移，并进入状态 7

    exp  转到状态 18


状态 11

    8 exp: exp . PLUS $@2 exp
   10    | exp . MINUS $@3 exp
   12    | exp . MULT $@4 exp
   14    | exp . DIV $@5 exp
   18    | exp . EXPON $@7 exp
   19    | LB exp . RB

    PLUS   偏移，并进入状态 12
    MINUS  偏移，并进入状态 13
    MULT   偏移，并进入状态 14
    DIV    偏移，并进入状态 15
    EXPON  偏移，并进入状态 16
    RB     偏移，并进入状态 19


状态 12

    8 exp: exp PLUS . $@2 exp

    $default  使用规则 7 以归约 ($@2)

    $@2  转到状态 20


状态 13

   10 exp: exp MINUS . $@3 exp

    $default  使用规则 9 以归约 ($@3)

    $@3  转到状态 21


状态 14

   12 exp: exp MULT . $@4 exp

    $default  使用规则 11 以归约 ($@4)

    $@4  转到状态 22


状态 15

   14 exp: exp DIV . $@5 exp

    $default  使用规则 13 以归约 ($@5)

    $@5  转到状态 23


状态 16

   18 exp: exp EXPON . $@7 exp

    $default  使用规则 17 以归约 ($@7)

    $@7  转到状态 24


状态 17

    5 line: exp EOL .

    $default  使用规则 5 以归约 (line)


状态 18

    8 exp: exp . PLUS $@2 exp
   10    | exp . MINUS $@3 exp
   12    | exp . MULT $@4 exp
   14    | exp . DIV $@5 exp
   16    | MINUS $@6 exp .
   18    | exp . EXPON $@7 exp

    $default  使用规则 16 以归约 (exp)

    Conflict between rule 16 and token PLUS resolved as reduce (PLUS < UMINUS).
    Conflict between rule 16 and token MINUS resolved as reduce (MINUS < UMINUS).
    Conflict between rule 16 and token MULT resolved as reduce (MULT < UMINUS).
    Conflict between rule 16 and token DIV resolved as reduce (DIV < UMINUS).
    Conflict between rule 16 and token EXPON resolved as reduce (EXPON < UMINUS).


状态 19

   19 exp: LB exp RB .

    $default  使用规则 19 以归约 (exp)


状态 20

    8 exp: exp PLUS $@2 . exp

    NUMBER  偏移，并进入状态 4
    MINUS   偏移，并进入状态 5
    LB      偏移，并进入状态 7

    exp  转到状态 25


状态 21

   10 exp: exp MINUS $@3 . exp

    NUMBER  偏移，并进入状态 4
    MINUS   偏移，并进入状态 5
    LB      偏移，并进入状态 7

    exp  转到状态 26


状态 22

   12 exp: exp MULT $@4 . exp

    NUMBER  偏移，并进入状态 4
    MINUS   偏移，并进入状态 5
    LB      偏移，并进入状态 7

    exp  转到状态 27


状态 23

   14 exp: exp DIV $@5 . exp

    NUMBER  偏移，并进入状态 4
    MINUS   偏移，并进入状态 5
    LB      偏移，并进入状态 7

    exp  转到状态 28


状态 24

   18 exp: exp EXPON $@7 . exp

    NUMBER  偏移，并进入状态 4
    MINUS   偏移，并进入状态 5
    LB      偏移，并进入状态 7

    exp  转到状态 29


状态 25

    8 exp: exp . PLUS $@2 exp
    8    | exp PLUS $@2 exp .
   10    | exp . MINUS $@3 exp
   12    | exp . MULT $@4 exp
   14    | exp . DIV $@5 exp
   18    | exp . EXPON $@7 exp

    MULT   偏移，并进入状态 14
    DIV    偏移，并进入状态 15
    EXPON  偏移，并进入状态 16

    $default  使用规则 8 以归约 (exp)

    Conflict between rule 8 and token PLUS resolved as reduce (%left PLUS).
    Conflict between rule 8 and token MINUS resolved as reduce (%left MINUS).
    Conflict between rule 8 and token MULT resolved as shift (PLUS < MULT).
    Conflict between rule 8 and token DIV resolved as shift (PLUS < DIV).
    Conflict between rule 8 and token EXPON resolved as shift (PLUS < EXPON).


状态 26

    8 exp: exp . PLUS $@2 exp
   10    | exp . MINUS $@3 exp
   10    | exp MINUS $@3 exp .
   12    | exp . MULT $@4 exp
   14    | exp . DIV $@5 exp
   18    | exp . EXPON $@7 exp

    MULT   偏移，并进入状态 14
    DIV    偏移，并进入状态 15
    EXPON  偏移，并进入状态 16

    $default  使用规则 10 以归约 (exp)

    Conflict between rule 10 and token PLUS resolved as reduce (%left PLUS).
    Conflict between rule 10 and token MINUS resolved as reduce (%left MINUS).
    Conflict between rule 10 and token MULT resolved as shift (MINUS < MULT).
    Conflict between rule 10 and token DIV resolved as shift (MINUS < DIV).
    Conflict between rule 10 and token EXPON resolved as shift (MINUS < EXPON).


状态 27

    8 exp: exp . PLUS $@2 exp
   10    | exp . MINUS $@3 exp
   12    | exp . MULT $@4 exp
   12    | exp MULT $@4 exp .
   14    | exp . DIV $@5 exp
   18    | exp . EXPON $@7 exp

    EXPON  偏移，并进入状态 16

    $default  使用规则 12 以归约 (exp)

    Conflict between rule 12 and token PLUS resolved as reduce (PLUS < MULT).
    Conflict between rule 12 and token MINUS resolved as reduce (MINUS < MULT).
    Conflict between rule 12 and token MULT resolved as reduce (%left MULT).
    Conflict between rule 12 and token DIV resolved as reduce (%left DIV).
    Conflict between rule 12 and token EXPON resolved as shift (MULT < EXPON).


状态 28

    8 exp: exp . PLUS $@2 exp
   10    | exp . MINUS $@3 exp
   12    | exp . MULT $@4 exp
   14    | exp . DIV $@5 exp
   14    | exp DIV $@5 exp .
   18    | exp . EXPON $@7 exp

    EXPON  偏移，并进入状态 16

    $default  使用规则 14 以归约 (exp)

    Conflict between rule 14 and token PLUS resolved as reduce (PLUS < DIV).
    Conflict between rule 14 and token MINUS resolved as reduce (MINUS < DIV).
    Conflict between rule 14 and token MULT resolved as reduce (%left MULT).
    Conflict between rule 14 and token DIV resolved as reduce (%left DIV).
    Conflict between rule 14 and token EXPON resolved as shift (DIV < EXPON).


状态 29

    8 exp: exp . PLUS $@2 exp
   10    | exp . MINUS $@3 exp
   12    | exp . MULT $@4 exp
   14    | exp . DIV $@5 exp
   18    | exp . EXPON $@7 exp
   18    | exp EXPON $@7 exp .

    EXPON  偏移，并进入状态 16

    $default  使用规则 18 以归约 (exp)

    Conflict between rule 18 and token PLUS resolved as reduce (PLUS < EXPON).
    Conflict between rule 18 and token MINUS resolved as reduce (MINUS < EXPON).
    Conflict between rule 18 and token MULT resolved as reduce (MULT < EXPON).
    Conflict between rule 18 and token DIV resolved as reduce (DIV < EXPON).
    Conflict between rule 18 and token EXPON resolved as shift (%right EXPON).
